<?xml version="1.0" encoding="UTF-8"?>
<!-- Generated by org.testng.reporters.JUnitReportReporter -->
<testsuite skipped="0" hostname="LAPTOP-4HRP1GOF" name="com.runner.TestRunnerClass" tests="1" failures="0" timestamp="14 Aug 2020 02:56:15 GMT" time="4.147" errors="0">
  <testcase name="runScenario" time="4.147" classname="com.runner.TestRunnerClass"/>
</testsuite> <!-- com.runner.TestRunnerClass -->
